


materialPath: D:\Games\Crack-Life CMR\hl2\materials
Loading C:\Users\22397\SummonHIM\Projects\Crack_Life_CMR_CHS\cracklifecmr\maps\sources\creditscmr.vmf
ConVarRef mat_reduceparticles doesn't point to an existing ConVar
Can't find surfaceprop concretegrit for material CONCRETE/ASPHALT_HIGHWAY2_SAND, using default
Could not locate 'GameData' key in d:\games\crack-life cmr\cracklifecmr.\gameinfo.txt
fixing up env_cubemap materials on brush sides...
0...1...2...3...4...5...6...7...8...9...100...1...2...3...4...5...6...7...8...9...10Processing areas...done (0)
Building Faces...done (0)
Chop Details...done (0)
Find Visible Detail Sides...
Merged 18 detail faces...done (0)
Merging details...done (0)
FixTjuncs...
PruneNodes...
WriteBSP...
done (0)
writing C:\Users\22397\SummonHIM\Projects\Crack_Life_CMR_CHS\cracklifecmr\maps\sources\creditscmr.prt...Building visibility clusters...
done (0)
Creating default LDR cubemaps for env_cubemap using skybox materials:
   skybox/sky_st_day_01*.vmt
 ! Run buildcubemaps in the engine to get the correct cube maps.
Creating default HDR cubemaps for env_cubemap using skybox materials:
   skybox/sky_st_day_01*.vmt
 ! Run buildcubemaps in the engine to get the correct cube maps.
Finding displacement neighbors...
Finding lightmap sample positions...
Displacement Alpha : 0...1...2...3...4...5...6...7...8...9...10
Building Physics collision data...
done (0) (47307 bytes)
Placing detail props : 0...1...2...3...4...5...6...7...8...9...Material CONCRETE/ASPHALT_HIGHWAY2_SAND uses unknown detail object type desert_roadside!
10
Compacting texture/material tables...
Reduced 494 texinfos to 234
Reduced 33 texdatas to 19 (1169 bytes to 695)
Writing C:\Users\22397\SummonHIM\Projects\Crack_Life_CMR_CHS\cracklifecmr\maps\sources\creditscmr.bsp
0 seconds elapsed



16 threads
reading c:\users\22397\summonhim\projects\crack_life_cmr_chs\cracklifecmr\maps\sources\creditscmr.bsp
reading c:\users\22397\summonhim\projects\crack_life_cmr_chs\cracklifecmr\maps\sources\creditscmr.prt
  11 portalclusters
  11 numportals
0...1...2...3...4...5...6...7...8...9...100...1...2...3...4...5...6...7...8...9...10Optimized: 0 visible clusters (0.00%)
Total clusters visible: 45
Average clusters visible: 4
Building PAS...
Average clusters audible: 4
visdatasize:146  compressed from 176
writing c:\users\22397\summonhim\projects\crack_life_cmr_chs\cracklifecmr\maps\sources\creditscmr.bsp
0 seconds elapsed



Could not find lights.rad in lights.rad.
Trying VRAD BIN directory instead...
Warning: Couldn't open texlight file D:\Games\Crack-Life CMR\bin\lights.rad.
Loading c:\users\22397\summonhim\projects\crack_life_cmr_chs\cracklifecmr\maps\sources\creditscmr.bsp
813 faces
3079847 square feet [443497984.00 square inches]
1 Displacements
155175 Square Feet [22345222.00 Square Inches]
813 patches before subdivision
5417 patches after subdivision
6 direct lights
0...1...2...3...4...5...6...7...8...9...100...1...2...3...4...5...6...7...8...9...10transfers 246817, max 254
transfer lists:   1.9 megs
0...1...2...3...4...5...6...7...8...9...10	Bounce #1 added RGB(1385, 1173, 620)
0...1...2...3...4...5...6...7...8...9...10	Bounce #2 added RGB(19, 17, 6)
0...1...2...3...4...5...6...7...8...9...10	Bounce #3 added RGB(2, 2, 0)
0...1...2...3...4...5...6...7...8...9...10	Bounce #4 added RGB(0, 0, 0)
Build Patch/Sample Hash Table(s).....Done<0.0013 sec>
0...1...2...3...4...5...6...7...8...9...10FinalLightFace Done
0 of 0 (0% of) surface lights went in leaf ambient cubes.
0...1...2...3...4...5...6...7...8...9...10Writing leaf ambient...done
Ready to Finish

Object names       Objects/Maxobjs  Memory / Maxmem  Fullness 
------------       ---------------  ---------------  -------- 
models                   7/1024          336/49152    ( 0.7%) 
brushes                124/8192         1488/98304    ( 1.5%) 
brushsides            1854/65536       14832/524288   ( 2.8%) 
planes                2840/65536       56800/1310720  ( 4.3%) 
vertexes               931/65536       11172/786432   ( 1.4%) 
nodes                  635/65536       20320/2097152  ( 1.0%) 
texinfos               234/12288       16848/884736   ( 1.9%) 
texdata                 19/2048          608/65536    ( 0.9%) 
dispinfos                1/0             176/0        ( 0.0%) 
disp_verts              25/0             500/0        ( 0.0%) 
disp_tris               32/0              64/0        ( 0.0%) 
disp_lmsamples       56952/0           56952/0        ( 0.0%) 
faces                  813/65536       45528/3670016  ( 1.2%) 
hdr faces                0/65536           0/3670016  ( 0.0%) 
origfaces              416/65536       23296/3670016  ( 0.6%) 
leaves                 643/65536       20576/2097152  ( 1.0%) 
leaffaces              904/65536        1808/131072   ( 1.4%) 
leafbrushes            531/65536        1062/131072   ( 0.8%) 
areas                    5/256            40/2048     ( 2.0%) 
surfedges             5388/512000      21552/2048000  ( 1.1%) 
edges                 2904/256000      11616/1024000  ( 1.1%) 
LDR worldlights          6/8192          528/720896   ( 0.1%) 
HDR worldlights          0/8192            0/720896   ( 0.0%) 
leafwaterdata            0/32768           0/393216   ( 0.0%) 
waterstrips             63/32768         630/327680   ( 0.2%) 
waterverts               0/65536           0/786432   ( 0.0%) 
waterindices           969/65536        1938/131072   ( 1.5%) 
cubemapsamples           1/1024           16/16384    ( 0.1%) 
overlays                 0/512             0/180224   ( 0.0%) 
LDR lightdata         [variable]      969928/0        ( 0.0%) 
HDR lightdata         [variable]           0/0        ( 0.0%) 
visdata               [variable]         146/16777216 ( 0.0%) 
entdata               [variable]       23347/393216   ( 5.9%) 
LDR ambient table      643/65536        2572/262144   ( 1.0%) 
HDR ambient table      643/65536        2572/262144   ( 1.0%) 
LDR leaf ambient      1507/65536       42196/1835008  ( 2.3%) 
HDR leaf ambient       643/65536       18004/1835008  ( 1.0%) 
occluders                0/0               0/0        ( 0.0%) 
occluder polygons        0/0               0/0        ( 0.0%) 
occluder vert ind        0/0               0/0        ( 0.0%) 
detail props          [variable]           1/12       ( 8.3%) 
static props          [variable]           1/360      ( 0.3%) 
pakfile               [variable]      177452/0        ( 0.0%) 
physics               [variable]       47307/4194304  ( 1.1%) 
physics terrain       [variable]          69/1048576  ( 0.0%) 

Level flags = 0

Total triangle count: 2094
Writing c:\users\22397\summonhim\projects\crack_life_cmr_chs\cracklifecmr\maps\sources\creditscmr.bsp
3 seconds elapsed
